<?xml version="1.0" encoding="UTF-8"?>
<!-- Generated by org.testng.reporters.JUnitXMLReporter -->
<testsuite ignored="0" hostname="DESKTOP-96GKBC4" failures="0" tests="15" name="Rest API regression Test" time="14.051" errors="0" timestamp="2022-05-14T23:47:22 IST">
  <testcase classname="com.qa.api.gorest.tests.CreateUserTest" name="createAPIPOSTTest" time="1.571"/>
  <testcase classname="com.qa.api.gorest.tests.GetUserTest" name="getAllUserList" time="2.425"/>
  <testcase classname="com.qa.api.gorest.tests.CreateUserTest" name="createAPIPOSTTest" time="0.415"/>
  <testcase classname="com.qa.api.gorest.tests.GetUserTest" name="getUserWithQueryParamsAPITest" time="0.503"/>
  <testcase classname="com.qa.api.gorest.tests.CreateUserTest" name="createAPIPOSTTest" time="0.398"/>
  <testcase classname="com.qa.api.gorest.tests.CreateUserTest" name="createAPIPOSTTest" time="0.379"/>
  <testcase classname="com.qa.api.gorest.tests.CreateUserTest" name="createAPIPOSTTest" time="0.389"/>
  <testcase classname="com.qa.api.gorest.tests.CreateUserTest" name="createAPIPOSTTest" time="0.403"/>
  <testcase classname="com.qa.api.gorest.tests.CreateUserTest" name="createAPIPOSTTest" time="0.384"/>
  <testcase classname="com.qa.api.gorest.tests.GetImgurAPITest" name="getAccountBlockAPITest" time="1.707"/>
  <testcase classname="com.qa.api.gorest.tests.CreateUserTest" name="createAPIPOSTTest" time="0.432"/>
  <testcase classname="com.qa.api.gorest.tests.CreateUserTest" name="createAPIPOSTTest" time="0.382"/>
  <testcase classname="com.qa.api.gorest.tests.CreateUserTest" name="createAPIPOSTTest" time="0.378"/>
  <testcase classname="com.qa.api.gorest.tests.GetImgurAPITest" name="getAccountImage" time="2.055"/>
  <testcase classname="com.qa.api.gorest.tests.GetImgurAPITest" name="uploadImagePOSTApiTest" time="3.845"/>
</testsuite> <!-- Rest API regression Test -->
